[0m10:46:06.821843 [debug] [MainThread]: Sending event: {'category': 'dbt', 'action': 'invocation', 'label': 'start', 'context': [<snowplow_tracker.self_describing_json.SelfDescribingJson object at 0x7f20027b7050>, <snowplow_tracker.self_describing_json.SelfDescribingJson object at 0x7f200311dbe0>, <snowplow_tracker.self_describing_json.SelfDescribingJson object at 0x7f20027b4f80>]}


============================== 10:46:06.962904 | 2da5178f-e2f3-4a6a-af56-c4b458a91706 ==============================
[0m10:46:06.962904 [info ] [MainThread]: Running with dbt=1.11.2
[0m10:46:06.963788 [debug] [MainThread]: running dbt with arguments {'use_experimental_parser': 'False', 'invocation_command': 'dbt init', 'version_check': 'True', 'warn_error_options': 'WarnErrorOptionsV2(error=[], warn=[], silence=[])', 'indirect_selection': 'eager', 'send_anonymous_usage_stats': 'True', 'cache_selected_only': 'False', 'profiles_dir': '/home/mtagomori/.dbt', 'target_path': 'None', 'log_path': 'logs', 'no_print': 'None', 'log_format': 'default', 'warn_error': 'None', 'static_parser': 'True', 'introspect': 'True', 'quiet': 'False', 'partial_parse': 'True', 'use_colors': 'True', 'fail_fast': 'False', 'write_json': 'True', 'log_cache_events': 'False', 'empty': 'None', 'debug': 'False', 'printer_width': '80'}
[0m10:46:38.126522 [debug] [MainThread]: Starter project path: /mnt/d/Arquivos/Trabalho/Projetos/elt-pipeline-101/.venv/lib/python3.12/site-packages/dbt/include/starter_project
[0m10:46:38.379024 [info ] [MainThread]: 
Your new dbt project "ne" was created!

For more information on how to configure the profiles.yml file,
please consult the dbt documentation here:

  https://docs.getdbt.com/docs/configure-your-profile

One more thing:

Need help? Don't hesitate to reach out to us via GitHub issues or on Slack:

  https://community.getdbt.com/

Happy modeling!

[0m10:46:38.379918 [info ] [MainThread]: Setting up your profile.
[0m10:47:12.163574 [error] [MainThread]: Encountered an error:

[0m10:47:12.236827 [error] [MainThread]: Traceback (most recent call last):
  File "/mnt/d/Arquivos/Trabalho/Projetos/elt-pipeline-101/.venv/lib/python3.12/site-packages/dbt/cli/requires.py", line 182, in wrapper
    result, success = func(*args, **kwargs)
                      ^^^^^^^^^^^^^^^^^^^^^
  File "/mnt/d/Arquivos/Trabalho/Projetos/elt-pipeline-101/.venv/lib/python3.12/site-packages/dbt/cli/requires.py", line 128, in wrapper
    return func(*args, **kwargs)
           ^^^^^^^^^^^^^^^^^^^^^
  File "/mnt/d/Arquivos/Trabalho/Projetos/elt-pipeline-101/.venv/lib/python3.12/site-packages/dbt/cli/main.py", line 483, in init
    results = task.run()
              ^^^^^^^^^^
  File "/mnt/d/Arquivos/Trabalho/Projetos/elt-pipeline-101/.venv/lib/python3.12/site-packages/dbt/task/init.py", line 346, in run
    self.setup_profile(profile_name)
  File "/mnt/d/Arquivos/Trabalho/Projetos/elt-pipeline-101/.venv/lib/python3.12/site-packages/dbt/task/init.py", line 262, in setup_profile
    self.create_profile_from_target(adapter, profile_name=profile_name)
  File "/mnt/d/Arquivos/Trabalho/Projetos/elt-pipeline-101/.venv/lib/python3.12/site-packages/dbt/task/init.py", line 172, in create_profile_from_target
    load_plugin(adapter)
  File "/mnt/d/Arquivos/Trabalho/Projetos/elt-pipeline-101/.venv/lib/python3.12/site-packages/dbt/adapters/factory.py", line 239, in load_plugin
    return FACTORY.load_plugin(name)
           ^^^^^^^^^^^^^^^^^^^^^^^^^
  File "/mnt/d/Arquivos/Trabalho/Projetos/elt-pipeline-101/.venv/lib/python3.12/site-packages/dbt/adapters/factory.py", line 68, in load_plugin
    mod: Any = import_module("." + name, "dbt.adapters")
               ^^^^^^^^^^^^^^^^^^^^^^^^^^^^^^^^^^^^^^^^^
  File "/usr/lib/python3.12/importlib/__init__.py", line 90, in import_module
    return _bootstrap._gcd_import(name[level:], package, level)
           ^^^^^^^^^^^^^^^^^^^^^^^^^^^^^^^^^^^^^^^^^^^^^^^^^^^^
  File "<frozen importlib._bootstrap>", line 1387, in _gcd_import
  File "<frozen importlib._bootstrap>", line 1360, in _find_and_load
  File "<frozen importlib._bootstrap>", line 1331, in _find_and_load_unlocked
  File "<frozen importlib._bootstrap>", line 935, in _load_unlocked
  File "<frozen importlib._bootstrap_external>", line 995, in exec_module
  File "<frozen importlib._bootstrap>", line 488, in _call_with_frames_removed
  File "/mnt/d/Arquivos/Trabalho/Projetos/elt-pipeline-101/.venv/lib/python3.12/site-packages/dbt/adapters/bigquery/__init__.py", line 1, in <module>
    from dbt.adapters.bigquery.column import BigQueryColumn
  File "/mnt/d/Arquivos/Trabalho/Projetos/elt-pipeline-101/.venv/lib/python3.12/site-packages/dbt/adapters/bigquery/column.py", line 4, in <module>
    from google.cloud.bigquery import SchemaField
  File "/mnt/d/Arquivos/Trabalho/Projetos/elt-pipeline-101/.venv/lib/python3.12/site-packages/google/cloud/bigquery/__init__.py", line 36, in <module>
    from google.cloud.bigquery.client import Client
  File "/mnt/d/Arquivos/Trabalho/Projetos/elt-pipeline-101/.venv/lib/python3.12/site-packages/google/cloud/bigquery/client.py", line 74, in <module>
    from google.cloud.bigquery import _job_helpers
  File "/mnt/d/Arquivos/Trabalho/Projetos/elt-pipeline-101/.venv/lib/python3.12/site-packages/google/cloud/bigquery/_job_helpers.py", line 53, in <module>
    from google.cloud.bigquery import job
  File "/mnt/d/Arquivos/Trabalho/Projetos/elt-pipeline-101/.venv/lib/python3.12/site-packages/google/cloud/bigquery/job/__init__.py", line 27, in <module>
    from google.cloud.bigquery.job.copy_ import CopyJob
  File "/mnt/d/Arquivos/Trabalho/Projetos/elt-pipeline-101/.venv/lib/python3.12/site-packages/google/cloud/bigquery/job/copy_.py", line 22, in <module>
    from google.cloud.bigquery.table import TableReference
  File "/mnt/d/Arquivos/Trabalho/Projetos/elt-pipeline-101/.venv/lib/python3.12/site-packages/google/cloud/bigquery/table.py", line 29, in <module>
    import pandas  # type: ignore
    ^^^^^^^^^^^^^
  File "/mnt/d/Arquivos/Trabalho/Projetos/elt-pipeline-101/.venv/lib/python3.12/site-packages/pandas/__init__.py", line 46, in <module>
    from pandas.core.api import (
  File "/mnt/d/Arquivos/Trabalho/Projetos/elt-pipeline-101/.venv/lib/python3.12/site-packages/pandas/core/api.py", line 46, in <module>
    from pandas.core.groupby import (
  File "/mnt/d/Arquivos/Trabalho/Projetos/elt-pipeline-101/.venv/lib/python3.12/site-packages/pandas/core/groupby/__init__.py", line 1, in <module>
    from pandas.core.groupby.generic import (
  File "/mnt/d/Arquivos/Trabalho/Projetos/elt-pipeline-101/.venv/lib/python3.12/site-packages/pandas/core/groupby/generic.py", line 64, in <module>
    from pandas.core.frame import DataFrame
  File "/mnt/d/Arquivos/Trabalho/Projetos/elt-pipeline-101/.venv/lib/python3.12/site-packages/pandas/core/frame.py", line 185, in <module>
    from pandas.core.reshape.melt import melt
  File "/mnt/d/Arquivos/Trabalho/Projetos/elt-pipeline-101/.venv/lib/python3.12/site-packages/pandas/core/reshape/melt.py", line 20, in <module>
    from pandas.core.tools.numeric import to_numeric
  File "<frozen importlib._bootstrap>", line 1360, in _find_and_load
  File "<frozen importlib._bootstrap>", line 1331, in _find_and_load_unlocked
  File "<frozen importlib._bootstrap>", line 935, in _load_unlocked
  File "<frozen importlib._bootstrap_external>", line 991, in exec_module
  File "<frozen importlib._bootstrap_external>", line 1128, in get_code
  File "<frozen importlib._bootstrap_external>", line 1186, in get_data
KeyboardInterrupt

[0m10:47:12.239815 [debug] [MainThread]: Resource report: {"command_name": "init", "command_success": false, "command_wall_clock_time": 62.39896, "process_in_blocks": "156496", "process_kernel_time": 2.446947, "process_mem_max_rss": "207900", "process_out_blocks": "8", "process_user_time": 4.845344}
[0m10:47:12.240789 [debug] [MainThread]: Command `dbt init` failed at 10:47:12.240685 after 62.40 seconds
[0m10:47:12.241589 [debug] [MainThread]: Sending event: {'category': 'dbt', 'action': 'invocation', 'label': 'end', 'context': [<snowplow_tracker.self_describing_json.SelfDescribingJson object at 0x7f2002e34b30>, <snowplow_tracker.self_describing_json.SelfDescribingJson object at 0x7f1fcd498bc0>, <snowplow_tracker.self_describing_json.SelfDescribingJson object at 0x7f1fcd49e6c0>]}
[0m10:47:12.242481 [debug] [MainThread]: Flushing usage events
[0m10:47:12.913971 [debug] [MainThread]: An error was encountered while trying to flush usage events
[0m10:47:34.087527 [debug] [MainThread]: Sending event: {'category': 'dbt', 'action': 'invocation', 'label': 'start', 'context': [<snowplow_tracker.self_describing_json.SelfDescribingJson object at 0x7f16a2707920>, <snowplow_tracker.self_describing_json.SelfDescribingJson object at 0x7f16a416d310>, <snowplow_tracker.self_describing_json.SelfDescribingJson object at 0x7f16a227a330>]}


============================== 10:47:34.096002 | 4c82adbd-b61d-4ebf-8a2d-677210d8098e ==============================
[0m10:47:34.096002 [info ] [MainThread]: Running with dbt=1.11.2
[0m10:47:34.096837 [debug] [MainThread]: running dbt with arguments {'send_anonymous_usage_stats': 'True', 'introspect': 'True', 'invocation_command': 'dbt init', 'log_format': 'default', 'use_colors': 'True', 'warn_error_options': 'WarnErrorOptionsV2(error=[], warn=[], silence=[])', 'use_experimental_parser': 'False', 'log_path': 'logs', 'log_cache_events': 'False', 'version_check': 'True', 'debug': 'False', 'write_json': 'True', 'no_print': 'None', 'quiet': 'False', 'empty': 'None', 'cache_selected_only': 'False', 'profiles_dir': '/home/mtagomori/.dbt', 'fail_fast': 'False', 'target_path': 'None', 'printer_width': '80', 'warn_error': 'None', 'static_parser': 'True', 'indirect_selection': 'eager', 'partial_parse': 'True'}
[0m10:48:19.401695 [debug] [MainThread]: Starter project path: /mnt/d/Arquivos/Trabalho/Projetos/elt-pipeline-101/.venv/lib/python3.12/site-packages/dbt/include/starter_project
[0m10:48:19.585238 [info ] [MainThread]: 
Your new dbt project "elt_pipeline" was created!

For more information on how to configure the profiles.yml file,
please consult the dbt documentation here:

  https://docs.getdbt.com/docs/configure-your-profile

One more thing:

Need help? Don't hesitate to reach out to us via GitHub issues or on Slack:

  https://community.getdbt.com/

Happy modeling!

[0m10:48:19.585963 [info ] [MainThread]: Setting up your profile.
[0m10:52:09.176451 [info ] [MainThread]: Profile elt_pipeline written to /home/mtagomori/.dbt/profiles.yml using target's profile_template.yml and your supplied values. Run 'dbt debug' to validate the connection.
[0m10:52:09.177909 [debug] [MainThread]: Resource report: {"command_name": "init", "command_success": true, "command_wall_clock_time": 262.98697, "process_in_blocks": "139296", "process_kernel_time": 9.177077, "process_mem_max_rss": "393400", "process_out_blocks": "8", "process_user_time": 11.538357}
[0m10:52:09.179037 [debug] [MainThread]: Command `dbt init` succeeded at 10:52:09.178907 after 262.99 seconds
[0m10:52:09.179801 [debug] [MainThread]: Sending event: {'category': 'dbt', 'action': 'invocation', 'label': 'end', 'context': [<snowplow_tracker.self_describing_json.SelfDescribingJson object at 0x7f16a2b52ae0>, <snowplow_tracker.self_describing_json.SelfDescribingJson object at 0x7f16630ed1c0>, <snowplow_tracker.self_describing_json.SelfDescribingJson object at 0x7f16636211c0>]}
[0m10:52:09.180611 [debug] [MainThread]: Flushing usage events
[0m10:52:09.772440 [debug] [MainThread]: An error was encountered while trying to flush usage events
[0m10:53:50.701051 [debug] [MainThread]: Sending event: {'category': 'dbt', 'action': 'invocation', 'label': 'start', 'context': [<snowplow_tracker.self_describing_json.SelfDescribingJson object at 0x7f66fe01b860>, <snowplow_tracker.self_describing_json.SelfDescribingJson object at 0x7f66fc3f2bd0>, <snowplow_tracker.self_describing_json.SelfDescribingJson object at 0x7f66fc3f36b0>]}


============================== 10:53:50.710094 | 5c9743a6-9e37-4f5e-b695-5c526c8c1314 ==============================
[0m10:53:50.710094 [info ] [MainThread]: Running with dbt=1.11.2
[0m10:53:50.711010 [debug] [MainThread]: running dbt with arguments {'invocation_command': 'dbt debug', 'use_colors': 'True', 'cache_selected_only': 'False', 'fail_fast': 'False', 'indirect_selection': 'eager', 'introspect': 'True', 'profiles_dir': '/home/mtagomori/.dbt', 'write_json': 'True', 'log_path': 'logs', 'version_check': 'True', 'log_cache_events': 'False', 'quiet': 'False', 'no_print': 'None', 'use_experimental_parser': 'False', 'target_path': 'None', 'printer_width': '80', 'log_format': 'default', 'static_parser': 'True', 'empty': 'None', 'partial_parse': 'True', 'send_anonymous_usage_stats': 'True', 'warn_error': 'None', 'warn_error_options': 'WarnErrorOptionsV2(error=[], warn=[], silence=[])', 'debug': 'False'}
[0m10:53:50.891449 [info ] [MainThread]: dbt version: 1.11.2
[0m10:53:50.892188 [info ] [MainThread]: python version: 3.12.3
[0m10:53:50.892918 [info ] [MainThread]: python path: /mnt/d/Arquivos/Trabalho/Projetos/elt-pipeline-101/.venv/bin/python3
[0m10:53:50.893553 [info ] [MainThread]: os info: Linux-5.15.167.4-microsoft-standard-WSL2-x86_64-with-glibc2.39
[0m10:53:50.897904 [info ] [MainThread]: Error importing adapter: No module named 'dbt.adapters.postgres'
[0m10:55:21.338439 [info ] [MainThread]: Using profiles dir at /home/mtagomori/.dbt
[0m10:55:21.339520 [info ] [MainThread]: Using profiles.yml file at /home/mtagomori/.dbt/profiles.yml
[0m10:55:21.340188 [info ] [MainThread]: Using dbt_project.yml file at /mnt/d/Arquivos/Trabalho/Projetos/elt-pipeline-101/dbt_project.yml
[0m10:55:21.341058 [info ] [MainThread]: Configuration:
[0m10:55:21.341707 [info ] [MainThread]:   profiles.yml file [[31mERROR invalid[0m]
[0m10:55:21.342333 [info ] [MainThread]:   dbt_project.yml file [[31mERROR not found[0m]
[0m10:55:21.343039 [info ] [MainThread]: Required dependencies:
[0m10:55:21.343711 [debug] [MainThread]: Executing "git --help"
[0m10:55:21.353922 [debug] [MainThread]: STDOUT: "b"usage: git [-v | --version] [-h | --help] [-C <path>] [-c <name>=<value>]\n           [--exec-path[=<path>]] [--html-path] [--man-path] [--info-path]\n           [-p | --paginate | -P | --no-pager] [--no-replace-objects] [--bare]\n           [--git-dir=<path>] [--work-tree=<path>] [--namespace=<name>]\n           [--config-env=<name>=<envvar>] <command> [<args>]\n\nThese are common Git commands used in various situations:\n\nstart a working area (see also: git help tutorial)\n   clone     Clone a repository into a new directory\n   init      Create an empty Git repository or reinitialize an existing one\n\nwork on the current change (see also: git help everyday)\n   add       Add file contents to the index\n   mv        Move or rename a file, a directory, or a symlink\n   restore   Restore working tree files\n   rm        Remove files from the working tree and from the index\n\nexamine the history and state (see also: git help revisions)\n   bisect    Use binary search to find the commit that introduced a bug\n   diff      Show changes between commits, commit and working tree, etc\n   grep      Print lines matching a pattern\n   log       Show commit logs\n   show      Show various types of objects\n   status    Show the working tree status\n\ngrow, mark and tweak your common history\n   branch    List, create, or delete branches\n   commit    Record changes to the repository\n   merge     Join two or more development histories together\n   rebase    Reapply commits on top of another base tip\n   reset     Reset current HEAD to the specified state\n   switch    Switch branches\n   tag       Create, list, delete or verify a tag object signed with GPG\n\ncollaborate (see also: git help workflows)\n   fetch     Download objects and refs from another repository\n   pull      Fetch from and integrate with another repository or a local branch\n   push      Update remote refs along with associated objects\n\n'git help -a' and 'git help -g' list available subcommands and some\nconcept guides. See 'git help <command>' or 'git help <concept>'\nto read about a specific subcommand or concept.\nSee 'git help git' for an overview of the system.\n""
[0m10:55:21.354899 [debug] [MainThread]: STDERR: "b''"
[0m10:55:21.355692 [info ] [MainThread]:  - git [[32mOK found[0m]

[0m10:55:21.356365 [info ] [MainThread]: Connection test skipped since no profile was found
[0m10:55:21.357126 [info ] [MainThread]: [31m2 checks failed:[0m
[0m10:55:21.357803 [info ] [MainThread]: Could not load dbt_project.yml
Profile loading failed for the following reason:
Runtime Error
  Credentials in profile "default", target "dev" invalid: Runtime Error
    Could not find adapter type postgres!


[0m10:55:21.358434 [info ] [MainThread]: Project loading failed for the following reason:
 project path </mnt/d/Arquivos/Trabalho/Projetos/elt-pipeline-101/dbt_project.yml> not found

[0m10:55:21.359261 [debug] [MainThread]: Resource report: {"command_name": "debug", "command_success": false, "command_wall_clock_time": 87.015656, "process_in_blocks": "153704", "process_kernel_time": 8.604592, "process_mem_max_rss": "366132", "process_out_blocks": "0", "process_user_time": 6.244804}
[0m10:55:21.360211 [debug] [MainThread]: Command `dbt debug` failed at 10:55:21.360132 after 87.02 seconds
[0m10:55:21.360855 [debug] [MainThread]: Sending event: {'category': 'dbt', 'action': 'invocation', 'label': 'end', 'context': [<snowplow_tracker.self_describing_json.SelfDescribingJson object at 0x7f66fbcc7da0>, <snowplow_tracker.self_describing_json.SelfDescribingJson object at 0x7f66bc54fa40>, <snowplow_tracker.self_describing_json.SelfDescribingJson object at 0x7f66bcff4380>]}
[0m10:55:21.361609 [debug] [MainThread]: Flushing usage events
[0m10:55:21.960588 [debug] [MainThread]: An error was encountered while trying to flush usage events
[0m17:34:27.643978 [debug] [MainThread]: Sending event: {'category': 'dbt', 'action': 'invocation', 'label': 'start', 'context': [<snowplow_tracker.self_describing_json.SelfDescribingJson object at 0x7fd699843ad0>, <snowplow_tracker.self_describing_json.SelfDescribingJson object at 0x7fd698cb71a0>, <snowplow_tracker.self_describing_json.SelfDescribingJson object at 0x7fd698cdf6b0>]}


============================== 17:34:27.673252 | f71765d3-8ab0-4b0b-b371-bf13e7bf8ed1 ==============================
[0m17:34:27.673252 [info ] [MainThread]: Running with dbt=1.11.2
[0m17:34:27.674254 [debug] [MainThread]: running dbt with arguments {'version_check': 'True', 'invocation_command': 'dbt debug', 'no_print': 'None', 'log_path': 'logs', 'write_json': 'True', 'debug': 'False', 'introspect': 'True', 'partial_parse': 'True', 'log_format': 'default', 'log_cache_events': 'False', 'target_path': 'None', 'printer_width': '80', 'use_experimental_parser': 'False', 'indirect_selection': 'eager', 'use_colors': 'True', 'warn_error': 'None', 'cache_selected_only': 'False', 'profiles_dir': '/home/mtagomori/.dbt', 'quiet': 'False', 'send_anonymous_usage_stats': 'True', 'warn_error_options': 'WarnErrorOptionsV2(error=[], warn=[], silence=[])', 'fail_fast': 'False', 'static_parser': 'True', 'empty': 'None'}
[0m17:34:28.017969 [info ] [MainThread]: dbt version: 1.11.2
[0m17:34:28.018796 [info ] [MainThread]: python version: 3.12.3
[0m17:34:28.019445 [info ] [MainThread]: python path: /mnt/d/Arquivos/Trabalho/Projetos/elt-pipeline-101/.venv/bin/python3
[0m17:34:28.020100 [info ] [MainThread]: os info: Linux-5.15.167.4-microsoft-standard-WSL2-x86_64-with-glibc2.39
[0m17:34:28.024579 [info ] [MainThread]: Error importing adapter: No module named 'dbt.adapters.postgres'
[0m17:36:22.687466 [error] [MainThread]: Encountered an error:

[0m17:36:22.879663 [error] [MainThread]: Traceback (most recent call last):
  File "/mnt/d/Arquivos/Trabalho/Projetos/elt-pipeline-101/.venv/lib/python3.12/site-packages/dbt/cli/requires.py", line 182, in wrapper
    result, success = func(*args, **kwargs)
                      ^^^^^^^^^^^^^^^^^^^^^
  File "/mnt/d/Arquivos/Trabalho/Projetos/elt-pipeline-101/.venv/lib/python3.12/site-packages/dbt/cli/requires.py", line 128, in wrapper
    return func(*args, **kwargs)
           ^^^^^^^^^^^^^^^^^^^^^
  File "/mnt/d/Arquivos/Trabalho/Projetos/elt-pipeline-101/.venv/lib/python3.12/site-packages/dbt/cli/main.py", line 420, in debug
    results = task.run()
              ^^^^^^^^^^
  File "/mnt/d/Arquivos/Trabalho/Projetos/elt-pipeline-101/.venv/lib/python3.12/site-packages/dbt/task/debug.py", line 114, in run
    load_profile_status: SubtaskStatus = self._load_profile()
                                         ^^^^^^^^^^^^^^^^^^^^
  File "/mnt/d/Arquivos/Trabalho/Projetos/elt-pipeline-101/.venv/lib/python3.12/site-packages/dbt/task/debug.py", line 205, in _load_profile
    profile: Profile = Profile.render(
                       ^^^^^^^^^^^^^^^
  File "/mnt/d/Arquivos/Trabalho/Projetos/elt-pipeline-101/.venv/lib/python3.12/site-packages/dbt/config/profile.py", line 404, in render
    return cls.from_raw_profiles(
           ^^^^^^^^^^^^^^^^^^^^^^
  File "/mnt/d/Arquivos/Trabalho/Projetos/elt-pipeline-101/.venv/lib/python3.12/site-packages/dbt/config/profile.py", line 370, in from_raw_profiles
    return cls.from_raw_profile_info(
           ^^^^^^^^^^^^^^^^^^^^^^^^^^
  File "/mnt/d/Arquivos/Trabalho/Projetos/elt-pipeline-101/.venv/lib/python3.12/site-packages/dbt/config/profile.py", line 326, in from_raw_profile_info
    credentials: Credentials = cls._credentials_from_profile(
                               ^^^^^^^^^^^^^^^^^^^^^^^^^^^^^^
  File "/mnt/d/Arquivos/Trabalho/Projetos/elt-pipeline-101/.venv/lib/python3.12/site-packages/dbt/config/profile.py", line 150, in _credentials_from_profile
    cls = load_plugin(typename)
          ^^^^^^^^^^^^^^^^^^^^^
  File "/mnt/d/Arquivos/Trabalho/Projetos/elt-pipeline-101/.venv/lib/python3.12/site-packages/dbt/adapters/factory.py", line 239, in load_plugin
    return FACTORY.load_plugin(name)
           ^^^^^^^^^^^^^^^^^^^^^^^^^
  File "/mnt/d/Arquivos/Trabalho/Projetos/elt-pipeline-101/.venv/lib/python3.12/site-packages/dbt/adapters/factory.py", line 68, in load_plugin
    mod: Any = import_module("." + name, "dbt.adapters")
               ^^^^^^^^^^^^^^^^^^^^^^^^^^^^^^^^^^^^^^^^^
  File "/usr/lib/python3.12/importlib/__init__.py", line 90, in import_module
    return _bootstrap._gcd_import(name[level:], package, level)
           ^^^^^^^^^^^^^^^^^^^^^^^^^^^^^^^^^^^^^^^^^^^^^^^^^^^^
  File "<frozen importlib._bootstrap>", line 1387, in _gcd_import
  File "<frozen importlib._bootstrap>", line 1360, in _find_and_load
  File "<frozen importlib._bootstrap>", line 1331, in _find_and_load_unlocked
  File "<frozen importlib._bootstrap>", line 935, in _load_unlocked
  File "<frozen importlib._bootstrap_external>", line 995, in exec_module
  File "<frozen importlib._bootstrap>", line 488, in _call_with_frames_removed
  File "/mnt/d/Arquivos/Trabalho/Projetos/elt-pipeline-101/.venv/lib/python3.12/site-packages/dbt/adapters/bigquery/__init__.py", line 4, in <module>
    from dbt.adapters.bigquery.impl import BigQueryAdapter, GrantTarget, PartitionConfig
  File "/mnt/d/Arquivos/Trabalho/Projetos/elt-pipeline-101/.venv/lib/python3.12/site-packages/dbt/adapters/bigquery/impl.py", line 70, in <module>
    from dbt.adapters.bigquery.python_submissions import (
  File "/mnt/d/Arquivos/Trabalho/Projetos/elt-pipeline-101/.venv/lib/python3.12/site-packages/dbt/adapters/bigquery/python_submissions.py", line 32, in <module>
    import nbformat
  File "/mnt/d/Arquivos/Trabalho/Projetos/elt-pipeline-101/.venv/lib/python3.12/site-packages/nbformat/__init__.py", line 46, in <module>
    from .converter import convert  # noqa: E402
    ^^^^^^^^^^^^^^^^^^^^^^^^^^^^^^
  File "<frozen importlib._bootstrap>", line 1360, in _find_and_load
  File "<frozen importlib._bootstrap>", line 1331, in _find_and_load_unlocked
  File "<frozen importlib._bootstrap>", line 935, in _load_unlocked
  File "<frozen importlib._bootstrap_external>", line 991, in exec_module
  File "<frozen importlib._bootstrap_external>", line 1087, in get_code
  File "<frozen importlib._bootstrap_external>", line 1186, in get_data
KeyboardInterrupt

[0m17:36:22.880968 [debug] [MainThread]: Resource report: {"command_name": "debug", "command_success": false, "command_wall_clock_time": 111.30575, "process_in_blocks": "158296", "process_kernel_time": 8.353775, "process_mem_max_rss": "365828", "process_out_blocks": "0", "process_user_time": 6.847532}
[0m17:36:22.881989 [debug] [MainThread]: Command `dbt debug` failed at 17:36:22.881887 after 111.31 seconds
[0m17:36:22.882819 [debug] [MainThread]: Sending event: {'category': 'dbt', 'action': 'invocation', 'label': 'end', 'context': [<snowplow_tracker.self_describing_json.SelfDescribingJson object at 0x7fd69987b860>, <snowplow_tracker.self_describing_json.SelfDescribingJson object at 0x7fd659ae2480>, <snowplow_tracker.self_describing_json.SelfDescribingJson object at 0x7fd659ae2780>]}
[0m17:36:22.883662 [debug] [MainThread]: Flushing usage events
[0m17:36:23.579889 [debug] [MainThread]: An error was encountered while trying to flush usage events
